<?xml version="1.0" encoding="UTF-8"?>
<testsuite xmlns:xsi="http://www.w3.org/2001/XMLSchema-instance" xsi:noNamespaceSchemaLocation="https://maven.apache.org/surefire/maven-surefire-plugin/xsd/surefire-test-report.xsd" name="org.smileaf.ava.AppTest" time="0.018" tests="1" errors="0" skipped="0" failures="0">
  <properties>
    <property name="java.specification.version" value="21"/>
    <property name="sun.jnu.encoding" value="UTF-8"/>
    <property name="java.class.path" value="/srv/media/homes/smileaf/Applications/java/ava/target/test-classes:/srv/media/homes/smileaf/Applications/java/ava/target/classes:/home/smileaf/.m2/repository/junit/junit/4.11/junit-4.11.jar:/home/smileaf/.m2/repository/org/hamcrest/hamcrest-core/1.3/hamcrest-core-1.3.jar:/home/smileaf/.m2/repository/com/googlecode/lanterna/lanterna/3.0.3/lanterna-3.0.3.jar:"/>
    <property name="java.vm.vendor" value="Eclipse Adoptium"/>
    <property name="sun.arch.data.model" value="64"/>
    <property name="java.vendor.url" value="https://adoptium.net/"/>
    <property name="os.name" value="Linux"/>
    <property name="java.vm.specification.version" value="21"/>
    <property name="sun.java.launcher" value="SUN_STANDARD"/>
    <property name="user.country" value="US"/>
    <property name="sun.boot.library.path" value="/opt/openjdk-bin-21.0.8_p9/lib"/>
    <property name="sun.java.command" value="/srv/media/homes/smileaf/Applications/java/ava/target/surefire/surefirebooter12073770531536888968.jar /srv/media/homes/smileaf/Applications/java/ava/target/surefire 2025-09-27T17-18-32_855-jvmRun1 surefire17557466648543756209tmp surefire_012591202961244770710tmp"/>
    <property name="jdk.debug" value="release"/>
    <property name="surefire.test.class.path" value="/srv/media/homes/smileaf/Applications/java/ava/target/test-classes:/srv/media/homes/smileaf/Applications/java/ava/target/classes:/home/smileaf/.m2/repository/junit/junit/4.11/junit-4.11.jar:/home/smileaf/.m2/repository/org/hamcrest/hamcrest-core/1.3/hamcrest-core-1.3.jar:/home/smileaf/.m2/repository/com/googlecode/lanterna/lanterna/3.0.3/lanterna-3.0.3.jar:"/>
    <property name="sun.cpu.endian" value="little"/>
    <property name="user.home" value="/home/smileaf"/>
    <property name="user.language" value="en"/>
    <property name="java.specification.vendor" value="Oracle Corporation"/>
    <property name="java.version.date" value="2025-07-15"/>
    <property name="java.home" value="/opt/openjdk-bin-21.0.8_p9"/>
    <property name="file.separator" value="/"/>
    <property name="basedir" value="/srv/media/homes/smileaf/Applications/java/ava"/>
    <property name="java.vm.compressedOopsMode" value="Zero based"/>
    <property name="line.separator" value="&#10;"/>
    <property name="java.specification.name" value="Java Platform API Specification"/>
    <property name="java.vm.specification.vendor" value="Oracle Corporation"/>
    <property name="surefire.real.class.path" value="/srv/media/homes/smileaf/Applications/java/ava/target/surefire/surefirebooter12073770531536888968.jar"/>
    <property name="sun.management.compiler" value="HotSpot 64-Bit Tiered Compilers"/>
    <property name="java.runtime.version" value="21.0.8+9-LTS"/>
    <property name="user.name" value="smileaf"/>
    <property name="stdout.encoding" value="UTF-8"/>
    <property name="path.separator" value=":"/>
    <property name="os.version" value="6.16.7"/>
    <property name="java.runtime.name" value="OpenJDK Runtime Environment"/>
    <property name="file.encoding" value="UTF-8"/>
    <property name="java.vm.name" value="OpenJDK 64-Bit Server VM"/>
    <property name="java.vendor.version" value="Temurin-21.0.8+9"/>
    <property name="localRepository" value="/home/smileaf/.m2/repository"/>
    <property name="java.vendor.url.bug" value="https://github.com/adoptium/adoptium-support/issues"/>
    <property name="java.io.tmpdir" value="/tmp"/>
    <property name="java.version" value="21.0.8"/>
    <property name="user.dir" value="/srv/media/homes/smileaf/Applications/java/ava"/>
    <property name="os.arch" value="amd64"/>
    <property name="java.vm.specification.name" value="Java Virtual Machine Specification"/>
    <property name="native.encoding" value="UTF-8"/>
    <property name="java.library.path" value="/usr/java/packages/lib:/usr/lib64:/lib64:/lib:/usr/lib"/>
    <property name="java.vm.info" value="mixed mode, sharing"/>
    <property name="stderr.encoding" value="UTF-8"/>
    <property name="java.vendor" value="Eclipse Adoptium"/>
    <property name="java.vm.version" value="21.0.8+9-LTS"/>
    <property name="sun.io.unicode.encoding" value="UnicodeLittle"/>
    <property name="java.class.version" value="65.0"/>
  </properties>
  <testcase name="shouldAnswerWithTrue" classname="org.smileaf.ava.AppTest" time="0.001"/>
</testsuite>